<?xml version="1.0" encoding="UTF-8"?>
<testsuite name="chatBoxServer.ConnectionTest" tests="5" skipped="0" failures="0" errors="0" timestamp="2019-12-17T02:39:42" hostname="looiwenghoongs-MacBook-Pro.local" time="0.086">
  <properties/>
  <testcase name="testBroadcastConnectionIDToClient" classname="chatBoxServer.ConnectionTest" time="0.045"/>
  <testcase name="testCreateConnectionInstance" classname="chatBoxServer.ConnectionTest" time="0.001"/>
  <testcase name="testClientInfo" classname="chatBoxServer.ConnectionTest" time="0.031"/>
  <testcase name="testGetNumberOfUsers" classname="chatBoxServer.ConnectionTest" time="0.003"/>
  <testcase name="testGetClientUsername" classname="chatBoxServer.ConnectionTest" time="0.003"/>
  <system-out><![CDATA[Server has been initialised on port 8002
chatBoxServer.Connection@3d53808Created
chatBoxServer.Connection@3d53808 connected to the server
Adding new Client to active client list
Server has been initialised on port 8000
Server has been initialised on port 8007
Client joined: user2
Currently 0 users online.
Name: user2 connectionid: chatBoxServer.Connection@5bce7d12
USERNAMElist:%CoNcAt%Group Chat%CoNcAt%user2

CONNECTIONlist:%CoNcAt%chatBoxServer.Connection@1a24k3c0%CoNcAt%chatBoxServer.Connection@5bce7d12

Server has been initialised on port 8004
chatBoxServer.Connection@61bb5162Created
chatBoxServer.Connection@61bb5162 connected to the server
Adding new Client to active client list
Server has been initialised on port 8005
Client joined: user1
Currently 0 users online.
Name: user2 connectionid: chatBoxServer.Connection@5bce7d12
Name: user1 connectionid: chatBoxServer.Connection@7927e9de
USERNAMElist:%CoNcAt%Group Chat%CoNcAt%user2%CoNcAt%user1

CONNECTIONlist:%CoNcAt%chatBoxServer.Connection@1a24k3c0%CoNcAt%chatBoxServer.Connection@5bce7d12%CoNcAt%chatBoxServer.Connection@7927e9de

]]></system-out>
  <system-err><![CDATA[]]></system-err>
</testsuite>
