<?xml version="1.0" encoding="UTF-8"?>
<testsuite name="chatBoxServer.ConnectionTest" tests="5" skipped="0" failures="0" errors="0" timestamp="2019-12-17T05:12:32" hostname="looiwenghoongs-MacBook-Pro.local" time="0.096">
  <properties/>
  <testcase name="testBroadcastConnectionIDToClient" classname="chatBoxServer.ConnectionTest" time="0.042"/>
  <testcase name="testCreateConnectionInstance" classname="chatBoxServer.ConnectionTest" time="0.001"/>
  <testcase name="testClientInfo" classname="chatBoxServer.ConnectionTest" time="0.044"/>
  <testcase name="testGetNumberOfUsers" classname="chatBoxServer.ConnectionTest" time="0.003"/>
  <testcase name="testGetClientUsername" classname="chatBoxServer.ConnectionTest" time="0.004"/>
  <system-out><![CDATA[Server has been initialised on port 8002
chatBoxServer.Connection@7cc78b03Created
chatBoxServer.Connection@7cc78b03 connected to the server
Adding new Client to active client list
Server has been initialised on port 8000
Server has been initialised on port 8007
Client joined: user2
Currently 0 users online.
Name: user2 connectionid: chatBoxServer.Connection@97cecc9
USERNAMElist:%CoNcAt%Group Chat%CoNcAt%user2

CONNECTIONlist:%CoNcAt%chatBoxServer.Connection@1a24k3c0%CoNcAt%chatBoxServer.Connection@97cecc9

Server has been initialised on port 8004
chatBoxServer.Connection@48a5e49bCreated
chatBoxServer.Connection@48a5e49b connected to the server
Adding new Client to active client list
Server has been initialised on port 8005
Client joined: user1
Currently 0 users online.
Name: user2 connectionid: chatBoxServer.Connection@97cecc9
Name: user1 connectionid: chatBoxServer.Connection@22a34887
USERNAMElist:%CoNcAt%Group Chat%CoNcAt%user2%CoNcAt%user1

CONNECTIONlist:%CoNcAt%chatBoxServer.Connection@1a24k3c0%CoNcAt%chatBoxServer.Connection@97cecc9%CoNcAt%chatBoxServer.Connection@22a34887

]]></system-out>
  <system-err><![CDATA[]]></system-err>
</testsuite>
