<?xml version="1.0" encoding="UTF-8"?>
<testsuite name="chatBoxServer.ConnectionTest" tests="4" skipped="0" failures="0" errors="0" timestamp="2019-12-16T16:43:18" hostname="looiwenghoongs-MacBook-Pro.local" time="0.087">
  <properties/>
  <testcase name="testBroadcastConnectionIDToClient" classname="chatBoxServer.ConnectionTest" time="0.042"/>
  <testcase name="testCreateConnectionInstance" classname="chatBoxServer.ConnectionTest" time="0.001"/>
  <testcase name="testClientInfo" classname="chatBoxServer.ConnectionTest" time="0.037"/>
  <testcase name="testGetNumberOfUsers" classname="chatBoxServer.ConnectionTest" time="0.005"/>
  <system-out><![CDATA[Server has been initialised on port 8002
chatBoxServer.Connection@2db9e3b7Created
chatBoxServer.Connection@2db9e3b7 connected to the server
Adding new Client to active client list
Server has been initialised on port 8000
Server has been initialised on port 8007
Client joined: user2
Currently 0 users online.
Name: user2 connectionid: chatBoxServer.Connection@37c16f5a
USERNAMElist:%CoNcAt%Group Chat%CoNcAt%user2

CONNECTIONlist:%CoNcAt%chatBoxServer.Connection@1a24k3c0%CoNcAt%chatBoxServer.Connection@37c16f5a

Server has been initialised on port 8004
chatBoxServer.Connection@5a65ea72Created
chatBoxServer.Connection@5a65ea72 connected to the server
Adding new Client to active client list
]]></system-out>
  <system-err><![CDATA[]]></system-err>
</testsuite>
