<?xml version="1.0" encoding="UTF-8"?>
<testsuite name="chatBoxServer.ChatServerTest" tests="2" skipped="0" failures="0" errors="0" timestamp="2019-12-11T02:54:41" hostname="looiwenghoongs-MacBook-Pro.local" time="0.026">
  <properties/>
  <testcase name="initChatServer" classname="chatBoxServer.ChatServerTest" time="0.024"/>
  <testcase name="testGetNumberOfUsersSuccess" classname="chatBoxServer.ChatServerTest" time="0.0"/>
  <system-out><![CDATA[]]></system-out>
  <system-err><![CDATA[]]></system-err>
</testsuite>
