<?xml version="1.0" encoding="UTF-8"?>
<testsuite name="chatBoxServer.ChatServerTest" tests="6" skipped="0" failures="0" errors="0" timestamp="2019-12-17T11:05:57" hostname="looiwenghoongs-MacBook-Pro.local" time="0.011">
  <properties/>
  <testcase name="testRemoveConnectionListSequence" classname="chatBoxServer.ChatServerTest" time="0.002"/>
  <testcase name="testGetConnectionID" classname="chatBoxServer.ChatServerTest" time="0.001"/>
  <testcase name="testRemoveConnection" classname="chatBoxServer.ChatServerTest" time="0.002"/>
  <testcase name="initChatServer" classname="chatBoxServer.ChatServerTest" time="0.001"/>
  <testcase name="testAddNewConnectionSuccess" classname="chatBoxServer.ChatServerTest" time="0.001"/>
  <testcase name="testCreateConnectionSuccess" classname="chatBoxServer.ChatServerTest" time="0.001"/>
  <system-out><![CDATA[Server has been initialised on port 9008
Server has been initialised on port 9005
chatBoxServer.Connection@5f91fdbcCreated
chatBoxServer.Connection@5f91fdbc connected to the server
Adding new Client to active client list
Server has been initialised on port 9006
Server has been initialised on port 9100
Server has been initialised on port 9003
Server has been initialised on port 9101
chatBoxServer.Connection@6eca302dCreated
chatBoxServer.Connection@6eca302d connected to the server
Adding new Client to active client list
]]></system-out>
  <system-err><![CDATA[]]></system-err>
</testsuite>
