<?xml version="1.0" encoding="UTF-8"?>
<testsuite name="clientchatui.ChatClientTest" tests="1" skipped="0" failures="0" errors="0" timestamp="2019-12-17T02:39:42" hostname="looiwenghoongs-MacBook-Pro.local" time="0.033">
  <properties/>
  <testcase name="testInitChatClient" classname="clientchatui.ChatClientTest" time="0.033"/>
  <system-out><![CDATA[file:/Users/looiwenghoong/Desktop/clientChat/build/resources/main/FXMLDocument.fxml
Unable to connect to server
]]></system-out>
  <system-err><![CDATA[]]></system-err>
</testsuite>
