<?xml version="1.0" encoding="UTF-8"?>
<testsuite name="chatBoxServer.ConnectionTest" tests="5" skipped="0" failures="0" errors="0" timestamp="2019-12-17T05:04:30" hostname="looiwenghoongs-MacBook-Pro.local" time="0.075">
  <properties/>
  <testcase name="testBroadcastConnectionIDToClient" classname="chatBoxServer.ConnectionTest" time="0.039"/>
  <testcase name="testCreateConnectionInstance" classname="chatBoxServer.ConnectionTest" time="0.001"/>
  <testcase name="testClientInfo" classname="chatBoxServer.ConnectionTest" time="0.029"/>
  <testcase name="testGetNumberOfUsers" classname="chatBoxServer.ConnectionTest" time="0.001"/>
  <testcase name="testGetClientUsername" classname="chatBoxServer.ConnectionTest" time="0.002"/>
  <system-out><![CDATA[Server has been initialised on port 8002
chatBoxServer.Connection@2fb7faafCreated
chatBoxServer.Connection@2fb7faaf connected to the server
Adding new Client to active client list
Server has been initialised on port 8000
Server has been initialised on port 8007
Client joined: user2
Currently 0 users online.
Name: user2 connectionid: chatBoxServer.Connection@2c708c3b
USERNAMElist:%CoNcAt%Group Chat%CoNcAt%user2

CONNECTIONlist:%CoNcAt%chatBoxServer.Connection@1a24k3c0%CoNcAt%chatBoxServer.Connection@2c708c3b

Server has been initialised on port 8004
chatBoxServer.Connection@c4fa2a4Created
chatBoxServer.Connection@c4fa2a4 connected to the server
Adding new Client to active client list
Server has been initialised on port 8005
Client joined: user1
Currently 0 users online.
Name: user2 connectionid: chatBoxServer.Connection@2c708c3b
Name: user1 connectionid: chatBoxServer.Connection@3423e953
USERNAMElist:%CoNcAt%Group Chat%CoNcAt%user2%CoNcAt%user1

CONNECTIONlist:%CoNcAt%chatBoxServer.Connection@1a24k3c0%CoNcAt%chatBoxServer.Connection@2c708c3b%CoNcAt%chatBoxServer.Connection@3423e953

]]></system-out>
  <system-err><![CDATA[]]></system-err>
</testsuite>
